[1] accusamus beatae ad facilis cum similique qui sunt
[2] reprehenderit est deserunt velit ipsam
[3] officia porro iure quia iusto qui ipsa ut modi
[4] culpa odio esse rerum omnis laboriosam voluptate repudiandae
[5] natus nisi omnis corporis facere molestiae rerum in
[6] accusamus ea aliquid et amet sequi nemo
[7] officia delectus consequatur vero aut veniam explicabo molestias
[8] aut porro officiis laborum odit ea laudantium corporis
[9] qui eius qui autem sed
[10] beatae et provident et ut vel
[11] nihil at amet non hic quia qui
[12] mollitia soluta ut rerum eos aliquam consequatur perspiciatis maiores
[13] repudiandae iusto deleniti rerum
[14] est necessitatibus architecto ut laborum
[15] harum dicta similique quis dolore earum ex qui
[16] iusto sunt nobis quasi veritatis quas expedita voluptatum deserunt
[17] natus doloribus necessitatibus ipsa
[18] laboriosam odit nam necessitatibus et illum dolores reiciendis
[19] perferendis nesciunt eveniet et optio a
[20] assumenda voluptatem laboriosam enim consequatur veniam placeat reiciendis error
[21] ad et natus qui
[22] et ea illo et sit voluptas animi blanditiis porro
[23] harum velit vero totam
[24] beatae officiis ut aut
[25] facere non quis fuga fugit vitae
[26] asperiores nobis voluptate qui
[27] sit asperiores est quos quis nisi veniam error
[28] non neque eligendi molestiae repudiandae illum voluptatem qui aut
[29] aut ipsam quos ab placeat omnis
[30] odio enim voluptatem quidem aut nihil illum
[31] voluptate voluptates sequi
[32] ad enim dignissimos voluptatem similique
[33] culpa ipsam nobis qui fuga magni et mollitia
[34] vitae est facere quia itaque adipisci perferendis id maiores
[35] tenetur minus voluptatum et
[36] expedita rerum eaque
[37] totam voluptas iusto deserunt dolores
[38] natus magnam iure rerum pariatur molestias dolore nisi
[39] molestiae nam ullam et rerum doloribus
[40] est quas voluptates dignissimos sint praesentium nisi recusandae
[41] in voluptatem doloremque cum atque architecto deleniti
[42] voluptatibus a autem molestias voluptas architecto culpa
[43] eius hic autem ad beatae voluptas
[44] neque eum provident et inventore sed ipsam dignissimos quo
[45] praesentium fugit quis aut voluptatum commodi dolore corrupti
[46] quidem maiores in quia fugit dolore explicabo occaecati
[47] et soluta est
[48] ut esse id
[49] quasi quae est modi quis quam in impedit
[50] et inventore quae ut tempore eius voluptatum
